<?xml version="1.0" encoding="UTF-8"?>
<!DOCTYPE html PUBLIC "-//W3C//DTD XHTML 1.0 Strict//EN" "http://www.w3.org/TR/xhtml1/DTD/xhtml1-strict.dtd">
<html xmlns="http://www.w3.org/1999/xhtml">
<head>
    <title>ACE 自动化测试报告</title>
    <meta name="generator" content="HTMLTestRunner 0.8.2.2"/>
    <meta http-equiv="Content-Type" content="text/html; charset=UTF-8"/>
    <link href="http://libs.baidu.com/bootstrap/3.0.3/css/bootstrap.min.css" rel="stylesheet">
    <script src="http://libs.baidu.com/jquery/2.0.0/jquery.min.js"></script>
    <script src="http://libs.baidu.com/bootstrap/3.0.3/js/bootstrap.min.js"></script>
    
<style type="text/css" media="screen">
body        { font-family: Microsoft YaHei,Tahoma,arial,helvetica,sans-serif;padding: 20px; font-size: 150%; }
table       { font-size: 100%; }
/* -- heading ---------------------------------------------------------------------- */
.heading {
    margin-top: 0ex;
    margin-bottom: 1ex;
}
.heading .description {
    margin-top: 4ex;
    margin-bottom: 6ex;
}
/* -- report ------------------------------------------------------------------------ */
#total_row  { font-weight: bold; }
.passCase   { color: #5cb85c; }
.failCase   { color: #d9534f; font-weight: bold; }
.errorCase  { color: #f0ad4e; font-weight: bold; }
.hiddenRow  { display: none; }
.testcase   { margin-left: 2em; }
</style>

</head>
<body >
<script language="javascript" type="text/javascript">
output_list = Array();
/*level 调整增加只显示通过用例的分类 --Findyou
0:Summary //all hiddenRow
1:Failed  //pt hiddenRow, ft none
2:Pass    //pt none, ft hiddenRow
3:All     //pt none, ft none
*/
function showCase(level) {
    trs = document.getElementsByTagName("tr");
    for (var i = 0; i < trs.length; i++) {
        tr = trs[i];
        id = tr.id;
        if (id.substr(0,2) == 'ft') {
            if (level == 2 || level == 0 ) {
                tr.className = 'hiddenRow';
            }
            else {
                tr.className = '';
            }
        }
        if (id.substr(0,2) == 'pt') {
            if (level < 2) {
                tr.className = 'hiddenRow';
            }
            else {
                tr.className = '';
            }
        }
    }
    //加入【详细】切换文字变化 --Findyou
    detail_class=document.getElementsByClassName('detail');
	//console.log(detail_class.length)
	if (level == 3) {
		for (var i = 0; i < detail_class.length; i++){
			detail_class[i].innerHTML="收起"
		}
	}
	else{
			for (var i = 0; i < detail_class.length; i++){
			detail_class[i].innerHTML="详细"
		}
	}
}
function showClassDetail(cid, count) {
    var id_list = Array(count);
    var toHide = 1;
    for (var i = 0; i < count; i++) {
        //ID修改 点 为 下划线 -Findyou
        tid0 = 't' + cid.substr(1) + '_' + (i+1);
        tid = 'f' + tid0;
        tr = document.getElementById(tid);
        if (!tr) {
            tid = 'p' + tid0;
            tr = document.getElementById(tid);
        }
        id_list[i] = tid;
        if (tr.className) {
            toHide = 0;
        }
    }
    for (var i = 0; i < count; i++) {
        tid = id_list[i];
        //修改点击无法收起的BUG，加入【详细】切换文字变化 --Findyou
        if (toHide) {
            document.getElementById(tid).className = 'hiddenRow';
            document.getElementById(cid).innerText = "详细"
        }
        else {
            document.getElementById(tid).className = '';
            document.getElementById(cid).innerText = "收起"
        }
    }
}
function html_escape(s) {
    s = s.replace(/&/g,'&amp;');
    s = s.replace(/</g,'&lt;');
    s = s.replace(/>/g,'&gt;');
    return s;
}
</script>
<div class='heading'>
<h1 style="font-family: Microsoft YaHei">ACE 自动化测试报告</h1>
<p class='attribute'><strong>测试人员 : </strong> 李岩</p>
<p class='attribute'><strong>开始时间 : </strong> 2020-10-16 11:36:55</p>
<p class='attribute'><strong>合计耗时 : </strong> 0:00:08.568081</p>
<p class='attribute'><strong>测试结果 : </strong> 共 4，错误 4，通过率= 0.00%</p>

<p class='description'></p>
</div>


<p id='show_detail_line'>
<a class="btn btn-primary" href='javascript:showCase(0)'>概要{ 0.00% }</a>
<a class="btn btn-danger" href='javascript:showCase(1)'>失败{ 0 }</a>
<a class="btn btn-success" href='javascript:showCase(2)'>通过{ 0 }</a>
<a class="btn btn-info" href='javascript:showCase(3)'>所有{ 4 }</a>
</p>
<table id='result_table' class="table table-condensed table-bordered table-hover">
<colgroup>
<col align='left' />
<col align='right' />
<col align='right' />
<col align='right' />
<col align='right' />
<col align='right' />
</colgroup>
<tr id='header_row' class="text-center success" style="font-weight: bold;font-size: 14px;">
    <td>用例集/测试用例</td>
    <td>总计</td>
    <td>通过</td>
    <td>失败</td>
    <td>错误</td>
    <td>详细</td>
    <td>截图</td>
</tr>

<tr class='errorClass warning'>
    <td>test_demo.MyTestCase3</td>
    <td class="text-center">1</td>
    <td class="text-center">0</td>
    <td class="text-center">0</td>
    <td class="text-center">1</td>
    <td class="text-center"><a href="javascript:showClassDetail('c1',1)" class="detail" id='c1'>详细</a></td>
    <td>&nbsp;</td>
</tr>

<tr id='ft1_1' class='none'>
    <td class='errorCase'><div class='testcase'>MyTestCase3testCase2</div></td>
    <td colspan='5' align='center'>
    <!--默认收起错误信息 -Findyou
    <button id='btn_ft1_1' type="button"  class="btn btn-danger btn-xs collapsed" data-toggle="collapse" data-target='#div_ft1_1'>错误</button>
    <div id='div_ft1_1' class="collapse">  -->
    <!-- 默认展开错误信息 -Findyou -->
    <button id='btn_ft1_1' type="button"  class="btn btn-danger btn-xs" data-toggle="collapse" data-target='#div_ft1_1'>错误</button>
    <div id='div_ft1_1' class="collapse in">
    <pre>
    
ft1_1: Traceback (most recent call last):
  File "/Users/yanli/git_project/ace_test_api/ace-test-api/util/caseTemplate.py", line 17, in setUp
    self.driver = self.screenshot_config()
  File "/Users/yanli/git_project/ace_test_api/ace-test-api/util/caseTemplate.py", line 44, in screenshot_config
    driver = webdriver.Chrome(options=chrome_options,
  File "/Users/yanli/.local/share/virtualenvs/ace-test-api-6ruedZFr/lib/python3.8/site-packages/selenium/webdriver/chrome/webdriver.py", line 76, in __init__
    RemoteWebDriver.__init__(
  File "/Users/yanli/.local/share/virtualenvs/ace-test-api-6ruedZFr/lib/python3.8/site-packages/selenium/webdriver/remote/webdriver.py", line 157, in __init__
    self.start_session(capabilities, browser_profile)
  File "/Users/yanli/.local/share/virtualenvs/ace-test-api-6ruedZFr/lib/python3.8/site-packages/selenium/webdriver/remote/webdriver.py", line 252, in start_session
    response = self.execute(Command.NEW_SESSION, parameters)
  File "/Users/yanli/.local/share/virtualenvs/ace-test-api-6ruedZFr/lib/python3.8/site-packages/selenium/webdriver/remote/webdriver.py", line 321, in execute
    self.error_handler.check_response(response)
  File "/Users/yanli/.local/share/virtualenvs/ace-test-api-6ruedZFr/lib/python3.8/site-packages/selenium/webdriver/remote/errorhandler.py", line 242, in check_response
    raise exception_class(message, screen, stacktrace)
selenium.common.exceptions.SessionNotCreatedException: Message: session not created: This version of ChromeDriver only supports Chrome version 83



    </pre>
    </div>
    </td>
    <td class="image" align="center">
    <a href="screen/MyTestCase3_testCase2.png" target="_blank" style="display:block">
        <img src="screen/MyTestCase3_testCase2.png" alt="暂无图片" width="288">
    </a>
    </td>
</tr>

<tr class='errorClass warning'>
    <td>test_project.MyTestCase_project</td>
    <td class="text-center">1</td>
    <td class="text-center">0</td>
    <td class="text-center">0</td>
    <td class="text-center">1</td>
    <td class="text-center"><a href="javascript:showClassDetail('c2',1)" class="detail" id='c2'>详细</a></td>
    <td>&nbsp;</td>
</tr>

<tr id='ft2_1' class='none'>
    <td class='errorCase'><div class='testcase'>MyTestCase_projecttestCase_list</div></td>
    <td colspan='5' align='center'>
    <!--默认收起错误信息 -Findyou
    <button id='btn_ft2_1' type="button"  class="btn btn-danger btn-xs collapsed" data-toggle="collapse" data-target='#div_ft2_1'>错误</button>
    <div id='div_ft2_1' class="collapse">  -->
    <!-- 默认展开错误信息 -Findyou -->
    <button id='btn_ft2_1' type="button"  class="btn btn-danger btn-xs" data-toggle="collapse" data-target='#div_ft2_1'>错误</button>
    <div id='div_ft2_1' class="collapse in">
    <pre>
    
ft2_1: Traceback (most recent call last):
  File "/Users/yanli/git_project/ace_test_api/ace-test-api/util/caseTemplate.py", line 17, in setUp
    self.driver = self.screenshot_config()
  File "/Users/yanli/git_project/ace_test_api/ace-test-api/util/caseTemplate.py", line 44, in screenshot_config
    driver = webdriver.Chrome(options=chrome_options,
  File "/Users/yanli/.local/share/virtualenvs/ace-test-api-6ruedZFr/lib/python3.8/site-packages/selenium/webdriver/chrome/webdriver.py", line 76, in __init__
    RemoteWebDriver.__init__(
  File "/Users/yanli/.local/share/virtualenvs/ace-test-api-6ruedZFr/lib/python3.8/site-packages/selenium/webdriver/remote/webdriver.py", line 157, in __init__
    self.start_session(capabilities, browser_profile)
  File "/Users/yanli/.local/share/virtualenvs/ace-test-api-6ruedZFr/lib/python3.8/site-packages/selenium/webdriver/remote/webdriver.py", line 252, in start_session
    response = self.execute(Command.NEW_SESSION, parameters)
  File "/Users/yanli/.local/share/virtualenvs/ace-test-api-6ruedZFr/lib/python3.8/site-packages/selenium/webdriver/remote/webdriver.py", line 321, in execute
    self.error_handler.check_response(response)
  File "/Users/yanli/.local/share/virtualenvs/ace-test-api-6ruedZFr/lib/python3.8/site-packages/selenium/webdriver/remote/errorhandler.py", line 242, in check_response
    raise exception_class(message, screen, stacktrace)
selenium.common.exceptions.SessionNotCreatedException: Message: session not created: This version of ChromeDriver only supports Chrome version 83



    </pre>
    </div>
    </td>
    <td class="image" align="center">
    <a href="screen/MyTestCase_project_testCase_list.png" target="_blank" style="display:block">
        <img src="screen/MyTestCase_project_testCase_list.png" alt="暂无图片" width="288">
    </a>
    </td>
</tr>

<tr class='errorClass warning'>
    <td>test_projectGroup.MyTestCase_projectgroup</td>
    <td class="text-center">1</td>
    <td class="text-center">0</td>
    <td class="text-center">0</td>
    <td class="text-center">1</td>
    <td class="text-center"><a href="javascript:showClassDetail('c3',1)" class="detail" id='c3'>详细</a></td>
    <td>&nbsp;</td>
</tr>

<tr id='ft3_1' class='none'>
    <td class='errorCase'><div class='testcase'>MyTestCase_projectgrouptestCase_getlist</div></td>
    <td colspan='5' align='center'>
    <!--默认收起错误信息 -Findyou
    <button id='btn_ft3_1' type="button"  class="btn btn-danger btn-xs collapsed" data-toggle="collapse" data-target='#div_ft3_1'>错误</button>
    <div id='div_ft3_1' class="collapse">  -->
    <!-- 默认展开错误信息 -Findyou -->
    <button id='btn_ft3_1' type="button"  class="btn btn-danger btn-xs" data-toggle="collapse" data-target='#div_ft3_1'>错误</button>
    <div id='div_ft3_1' class="collapse in">
    <pre>
    
ft3_1: Traceback (most recent call last):
  File "/Users/yanli/git_project/ace_test_api/ace-test-api/util/caseTemplate.py", line 17, in setUp
    self.driver = self.screenshot_config()
  File "/Users/yanli/git_project/ace_test_api/ace-test-api/util/caseTemplate.py", line 44, in screenshot_config
    driver = webdriver.Chrome(options=chrome_options,
  File "/Users/yanli/.local/share/virtualenvs/ace-test-api-6ruedZFr/lib/python3.8/site-packages/selenium/webdriver/chrome/webdriver.py", line 76, in __init__
    RemoteWebDriver.__init__(
  File "/Users/yanli/.local/share/virtualenvs/ace-test-api-6ruedZFr/lib/python3.8/site-packages/selenium/webdriver/remote/webdriver.py", line 157, in __init__
    self.start_session(capabilities, browser_profile)
  File "/Users/yanli/.local/share/virtualenvs/ace-test-api-6ruedZFr/lib/python3.8/site-packages/selenium/webdriver/remote/webdriver.py", line 252, in start_session
    response = self.execute(Command.NEW_SESSION, parameters)
  File "/Users/yanli/.local/share/virtualenvs/ace-test-api-6ruedZFr/lib/python3.8/site-packages/selenium/webdriver/remote/webdriver.py", line 321, in execute
    self.error_handler.check_response(response)
  File "/Users/yanli/.local/share/virtualenvs/ace-test-api-6ruedZFr/lib/python3.8/site-packages/selenium/webdriver/remote/errorhandler.py", line 242, in check_response
    raise exception_class(message, screen, stacktrace)
selenium.common.exceptions.SessionNotCreatedException: Message: session not created: This version of ChromeDriver only supports Chrome version 83



    </pre>
    </div>
    </td>
    <td class="image" align="center">
    <a href="screen/MyTestCase_projectgroup_testCase_getlist.png" target="_blank" style="display:block">
        <img src="screen/MyTestCase_projectgroup_testCase_getlist.png" alt="暂无图片" width="288">
    </a>
    </td>
</tr>

<tr class='errorClass warning'>
    <td>test_resource.MyTestCase_projectResource</td>
    <td class="text-center">1</td>
    <td class="text-center">0</td>
    <td class="text-center">0</td>
    <td class="text-center">1</td>
    <td class="text-center"><a href="javascript:showClassDetail('c4',1)" class="detail" id='c4'>详细</a></td>
    <td>&nbsp;</td>
</tr>

<tr id='ft4_1' class='none'>
    <td class='errorCase'><div class='testcase'>MyTestCase_projectResourcetestCase_upload</div></td>
    <td colspan='5' align='center'>
    <!--默认收起错误信息 -Findyou
    <button id='btn_ft4_1' type="button"  class="btn btn-danger btn-xs collapsed" data-toggle="collapse" data-target='#div_ft4_1'>错误</button>
    <div id='div_ft4_1' class="collapse">  -->
    <!-- 默认展开错误信息 -Findyou -->
    <button id='btn_ft4_1' type="button"  class="btn btn-danger btn-xs" data-toggle="collapse" data-target='#div_ft4_1'>错误</button>
    <div id='div_ft4_1' class="collapse in">
    <pre>
    
ft4_1: Traceback (most recent call last):
  File "/Users/yanli/git_project/ace_test_api/ace-test-api/util/caseTemplate.py", line 17, in setUp
    self.driver = self.screenshot_config()
  File "/Users/yanli/git_project/ace_test_api/ace-test-api/util/caseTemplate.py", line 44, in screenshot_config
    driver = webdriver.Chrome(options=chrome_options,
  File "/Users/yanli/.local/share/virtualenvs/ace-test-api-6ruedZFr/lib/python3.8/site-packages/selenium/webdriver/chrome/webdriver.py", line 76, in __init__
    RemoteWebDriver.__init__(
  File "/Users/yanli/.local/share/virtualenvs/ace-test-api-6ruedZFr/lib/python3.8/site-packages/selenium/webdriver/remote/webdriver.py", line 157, in __init__
    self.start_session(capabilities, browser_profile)
  File "/Users/yanli/.local/share/virtualenvs/ace-test-api-6ruedZFr/lib/python3.8/site-packages/selenium/webdriver/remote/webdriver.py", line 252, in start_session
    response = self.execute(Command.NEW_SESSION, parameters)
  File "/Users/yanli/.local/share/virtualenvs/ace-test-api-6ruedZFr/lib/python3.8/site-packages/selenium/webdriver/remote/webdriver.py", line 321, in execute
    self.error_handler.check_response(response)
  File "/Users/yanli/.local/share/virtualenvs/ace-test-api-6ruedZFr/lib/python3.8/site-packages/selenium/webdriver/remote/errorhandler.py", line 242, in check_response
    raise exception_class(message, screen, stacktrace)
selenium.common.exceptions.SessionNotCreatedException: Message: session not created: This version of ChromeDriver only supports Chrome version 83



    </pre>
    </div>
    </td>
    <td class="image" align="center">
    <a href="screen/MyTestCase_projectResource_testCase_upload.png" target="_blank" style="display:block">
        <img src="screen/MyTestCase_projectResource_testCase_upload.png" alt="暂无图片" width="288">
    </a>
    </td>
</tr>

<tr id='total_row' class="text-center active">
    <td>总计</td>
    <td>4</td>
    <td>0</td>
    <td>0</td>
    <td>4</td>
    <td>通过率：0.00%</td>
    <td>&nbsp;</td>
</tr>
</table>

<div id='ending'>&nbsp;</div>
    <div style=" position:fixed;right:50px; bottom:30px; width:20px; height:20px;cursor:pointer">
    <a href="#"><span class="glyphicon glyphicon-eject" style = "font-size:30px;" aria-hidden="true">
    </span></a></div>
    
</body>
</html>
